Determining if the pthread_create exist failed with the following output:
Change Dir: /home/clark/catkin_ws/abseil-cpp/build/CMakeFiles/CMakeTmp

Run Build Command:"/usr/bin/ninja" "cmTC_c36c2"
[1/2] Building C object CMakeFiles/cmTC_c36c2.dir/CheckSymbolExists.c.o
[2/2] Linking C executable cmTC_c36c2
FAILED: cmTC_c36c2 
: && /usr/bin/cc    CMakeFiles/cmTC_c36c2.dir/CheckSymbolExists.c.o  -o cmTC_c36c2   && :
CMakeFiles/cmTC_c36c2.dir/CheckSymbolExists.c.o: In function `main':
CheckSymbolExists.c:(.text+0x1b): undefined reference to `pthread_create'
collect2: error: ld returned 1 exit status
ninja: build stopped: subcommand failed.

File /home/clark/catkin_ws/abseil-cpp/build/CMakeFiles/CMakeTmp/CheckSymbolExists.c:
/* */
#include <pthread.h>

int main(int argc, char** argv)
{
  (void)argv;
#ifndef pthread_create
  return ((int*)(&pthread_create))[argc];
#else
  (void)argc;
  return 0;
#endif
}

Determining if the function pthread_create exists in the pthreads failed with the following output:
Change Dir: /home/clark/catkin_ws/abseil-cpp/build/CMakeFiles/CMakeTmp

Run Build Command:"/usr/bin/ninja" "cmTC_33826"
[1/2] Building C object CMakeFiles/cmTC_33826.dir/CheckFunctionExists.c.o
[2/2] Linking C executable cmTC_33826
FAILED: cmTC_33826 
: && /usr/bin/cc -DCHECK_FUNCTION_EXISTS=pthread_create   CMakeFiles/cmTC_33826.dir/CheckFunctionExists.c.o  -o cmTC_33826  -lpthreads && :
/usr/bin/ld: cannot find -lpthreads
collect2: error: ld returned 1 exit status
ninja: build stopped: subcommand failed.


